SF:lib/src/app/features/movies/pages/search/cubit/movie_search_cubit.dart
DA:11,0
DA:13,0
DA:14,0
DA:17,0
DA:18,0
DA:20,0
DA:22,0
DA:24,0
DA:26,0
DA:27,0
DA:28,0
DA:29,0
DA:30,0
DA:31,0
DA:32,0
DA:33,0
DA:37,0
LF:17
LH:0
end_of_record
SF:lib/src/app/features/cast/models/cast_resource_model.dart
DA:6,0
DA:11,0
DA:12,0
DA:13,0
DA:14,0
DA:18,0
DA:19,0
DA:20,0
DA:21,0
DA:22,0
LF:10
LH:0
end_of_record
SF:lib/src/app/features/cast/datasources/remote/cast_remote_data_impl.dart
DA:9,0
DA:12,0
DA:15,0
DA:17,0
DA:19,0
DA:22,0
DA:26,0
LF:7
LH:0
end_of_record
SF:lib/src/app/features/cast/entities/actor.dart
DA:9,0
DA:11,0
DA:18,0
DA:19,0
LF:4
LH:0
end_of_record
SF:lib/src/app/features/cast/mappers/actor_mapper.dart
DA:5,0
DA:6,0
DA:7,0
DA:8,0
DA:9,0
DA:10,0
DA:16,0
DA:17,0
DA:18,0
DA:23,0
DA:24,0
DA:25,0
DA:26,0
DA:27,0
DA:28,0
DA:34,0
DA:35,0
DA:36,0
LF:18
LH:0
end_of_record
SF:lib/src/app/features/cast/models/actor_model.dart
DA:7,0
DA:14,0
DA:15,0
DA:16,0
DA:17,0
DA:18,0
DA:19,0
DA:23,0
DA:24,0
DA:25,0
DA:26,0
DA:27,0
DA:28,0
LF:13
LH:0
end_of_record
SF:lib/src/app/features/cast/repositories/cast_repository_impl.dart
DA:13,0
DA:16,0
DA:19,0
DA:22,0
DA:23,0
DA:24,0
DA:27,0
LF:7
LH:0
end_of_record
SF:lib/src/app/features/movies/models/movies_resource_model.dart
DA:9,2
DA:16,0
DA:17,0
DA:18,0
DA:19,0
DA:20,0
DA:21,0
DA:25,1
DA:26,1
DA:27,2
DA:28,2
DA:29,2
DA:30,1
DA:31,4
LF:14
LH:8
end_of_record
SF:lib/src/app/features/movies/datasources/remote/movies_remote_data_impl.dart
DA:9,1
DA:12,1
DA:15,1
DA:21,1
DA:22,1
DA:24,2
DA:26,2
DA:31,1
DA:36,1
DA:38,2
DA:43,2
LF:11
LH:11
end_of_record
SF:lib/src/app/features/movies/entities/movie.dart
DA:15,0
DA:17,0
DA:19,0
DA:21,0
DA:23,1
DA:34,1
DA:35,6
LF:7
LH:3
end_of_record
SF:lib/src/app/features/movies/mappers/movie_mapper.dart
DA:5,0
DA:6,0
DA:7,0
DA:8,0
DA:9,0
DA:10,0
DA:11,0
DA:12,0
DA:13,0
DA:14,0
DA:20,0
DA:21,0
DA:22,0
DA:27,0
DA:28,0
DA:29,0
DA:30,0
DA:31,0
DA:32,0
DA:33,0
DA:34,0
DA:35,0
DA:36,0
DA:42,1
DA:43,1
DA:44,1
LF:26
LH:3
end_of_record
SF:lib/src/app/features/movies/models/movie_model.dart
DA:11,1
DA:22,0
DA:23,0
DA:24,0
DA:25,0
DA:26,0
DA:27,0
DA:28,0
DA:29,0
DA:30,0
DA:31,0
DA:35,1
DA:36,1
DA:37,2
DA:38,1
DA:39,1
DA:40,1
DA:41,2
DA:42,2
DA:43,1
DA:44,1
DA:48,0
DA:49,0
DA:50,0
DA:51,0
LF:25
LH:11
end_of_record
SF:lib/src/app/features/movies/pages/details/cubit/movie_details_cubit.dart
DA:10,1
DA:12,2
DA:13,1
DA:16,1
DA:17,2
DA:19,1
DA:20,2
DA:22,1
DA:23,3
DA:24,1
DA:25,1
DA:26,1
DA:27,1
DA:28,1
DA:30,1
LF:15
LH:15
end_of_record
SF:lib/src/app/features/movies/pages/details/cubit/movie_details_state.dart
DA:10,1
DA:11,1
DA:21,1
DA:25,1
DA:26,2
DA:34,1
DA:40,1
DA:41,4
LF:8
LH:8
end_of_record
SF:lib/src/app/features/movies/usecases/get_movie_details_use_case.dart
DA:17,2
DA:21,1
DA:22,2
DA:30,1
DA:36,0
DA:37,0
DA:44,0
DA:48,0
DA:49,0
DA:52,0
DA:56,0
DA:58,0
DA:60,0
DA:61,0
DA:62,0
DA:66,0
DA:70,0
DA:72,0
DA:73,0
DA:74,0
DA:75,0
DA:80,0
LF:22
LH:4
end_of_record
SF:lib/src/app/features/movies/pages/details/movie_details_page.dart
DA:16,0
DA:19,0
DA:21,0
DA:22,0
DA:28,0
DA:30,0
DA:32,0
DA:33,0
DA:36,0
DA:38,0
DA:39,0
DA:42,0
DA:44,0
DA:45,0
DA:46,0
DA:47,0
DA:49,0
DA:50,0
DA:51,0
DA:52,0
DA:53,0
DA:54,0
DA:59,0
DA:60,0
DA:61,0
DA:64,0
DA:65,0
DA:66,0
DA:67,0
DA:68,0
DA:69,0
DA:70,0
DA:71,0
DA:72,0
DA:75,0
DA:77,0
DA:79,0
DA:80,0
DA:82,0
DA:83,0
DA:84,0
DA:89,0
DA:90,0
DA:91,0
DA:92,0
DA:94,0
DA:109,0
DA:110,0
DA:113,0
DA:117,0
DA:118,0
LF:51
LH:0
end_of_record
SF:lib/src/app/features/movies/pages/details/movies_details_page_params.dart
DA:6,0
LF:1
LH:0
end_of_record
SF:lib/src/app/features/movies/pages/details/widgets/actor_item.dart
DA:11,0
DA:16,0
DA:18,0
DA:20,0
DA:21,0
DA:23,0
DA:24,0
DA:25,0
DA:26,0
DA:28,0
DA:29,0
DA:31,0
DA:32,0
DA:36,0
DA:38,0
DA:39,0
DA:40,0
LF:17
LH:0
end_of_record
SF:lib/src/app/features/movies/pages/details/widgets/cast_list.dart
DA:9,0
DA:12,0
DA:14,0
DA:16,0
DA:17,0
DA:19,0
DA:23,0
DA:25,0
DA:26,0
DA:28,0
DA:30,0
DA:33,0
DA:35,0
DA:38,0
DA:40,0
DA:41,0
LF:16
LH:0
end_of_record
SF:lib/src/app/features/movies/pages/details/widgets/movie_average.dart
DA:6,0
DA:9,0
DA:11,0
DA:13,0
DA:14,0
DA:16,0
DA:19,0
DA:21,0
DA:23,0
DA:24,0
DA:25,0
LF:11
LH:0
end_of_record
SF:lib/src/app/features/movies/pages/details/widgets/movie_backdrop.dart
DA:9,0
DA:13,0
DA:15,0
DA:17,0
DA:19,0
DA:20,0
DA:22,0
DA:24,0
DA:26,0
DA:28,0
LF:10
LH:0
end_of_record
SF:lib/src/app/features/movies/pages/details/widgets/movie_headline.dart
DA:8,0
DA:11,0
DA:13,0
DA:15,0
DA:16,0
DA:18,0
DA:21,0
DA:22,0
DA:23,0
DA:24,0
DA:26,0
DA:28,0
DA:29,0
DA:30,0
DA:33,0
LF:15
LH:0
end_of_record
SF:lib/src/app/features/movies/pages/details/widgets/trailer_item.dart
DA:11,0
DA:15,0
DA:17,0
DA:19,0
DA:20,0
DA:21,0
DA:22,0
DA:23,0
DA:25,0
DA:26,0
DA:27,0
DA:28,0
DA:31,0
DA:32,0
DA:37,0
LF:15
LH:0
end_of_record
SF:lib/src/app/features/movies/pages/details/widgets/trailers_list.dart
DA:10,0
DA:14,0
DA:16,0
DA:18,0
DA:19,0
DA:21,0
DA:25,0
DA:27,0
DA:28,0
DA:30,0
DA:32,0
DA:35,0
DA:36,0
DA:37,0
DA:41,0
DA:42,0
DA:43,0
DA:45,0
DA:46,0
LF:19
LH:0
end_of_record
SF:lib/src/app/features/videos/entities/video.dart
DA:10,0
DA:11,0
DA:13,0
DA:20,0
DA:21,0
LF:5
LH:0
end_of_record
SF:lib/src/app/features/movies/pages/list/cubit/movies_page_cubit.dart
DA:9,1
DA:11,2
DA:12,1
DA:15,1
DA:16,2
DA:18,2
DA:20,1
DA:21,3
DA:22,3
LF:9
LH:9
end_of_record
SF:lib/src/app/features/movies/pages/list/cubit/movies_page_state.dart
DA:7,1
DA:8,1
DA:18,1
DA:22,1
DA:23,2
DA:29,1
DA:33,1
DA:34,2
LF:8
LH:8
end_of_record
SF:lib/src/app/features/movies/pages/list/movies_page.dart
DA:15,4
DA:17,0
DA:18,0
DA:24,0
DA:26,0
DA:27,0
DA:30,0
DA:32,0
DA:33,0
DA:36,0
DA:38,0
DA:39,0
DA:42,0
DA:43,0
DA:46,0
DA:47,0
DA:48,0
DA:53,0
DA:54,0
DA:55,0
DA:56,0
DA:57,0
DA:62,0
DA:63,0
DA:64,0
DA:67,0
DA:68,0
DA:69,0
DA:71,0
DA:72,0
DA:82,0
DA:83,0
DA:86,0
DA:87,0
DA:88,0
DA:89,0
DA:95,0
DA:96,0
DA:97,0
DA:98,0
DA:99,0
LF:41
LH:1
end_of_record
SF:lib/src/app/features/movies/pages/search/movies_search_delegate.dart
DA:15,0
DA:18,0
DA:21,0
DA:23,0
DA:24,0
DA:27,0
DA:29,0
DA:30,0
DA:32,0
DA:37,0
DA:39,0
DA:41,0
DA:45,0
DA:47,0
DA:49,0
DA:50,0
DA:51,0
DA:52,0
DA:57,0
DA:60,0
DA:61,0
DA:63,0
DA:64,0
DA:65,0
DA:68,0
DA:69,0
DA:70,0
DA:71,0
DA:79,0
DA:81,0
LF:30
LH:0
end_of_record
SF:lib/src/app/features/movies/pages/list/widgets/movies_list.dart
DA:14,0
DA:19,0
DA:21,0
DA:23,0
DA:24,0
DA:25,0
DA:27,0
DA:28,0
DA:29,0
DA:30,0
DA:32,0
LF:11
LH:0
end_of_record
SF:lib/src/app/features/movies/pages/list/widgets/movie_item.dart
DA:9,0
DA:12,0
DA:14,0
DA:16,0
DA:17,0
DA:19,0
DA:24,0
DA:26,0
DA:27,0
DA:28,0
DA:29,0
DA:33,0
DA:35,0
DA:36,0
DA:37,0
DA:38,0
DA:41,0
DA:43,0
DA:44,0
LF:19
LH:0
end_of_record
SF:lib/src/app/features/movies/pages/list/widgets/movie_poster.dart
DA:10,0
DA:15,0
DA:17,0
DA:19,0
DA:20,0
DA:21,0
DA:22,0
LF:7
LH:0
end_of_record
SF:lib/src/app/features/movies/pages/search/cubit/movie_search_state.dart
DA:7,0
DA:8,0
DA:18,0
DA:22,0
DA:23,0
DA:29,0
DA:33,0
DA:34,0
DA:40,0
DA:44,0
DA:45,0
LF:11
LH:0
end_of_record
SF:lib/src/app/features/movies/repositories/movies_repository_impl.dart
DA:13,1
DA:16,1
DA:19,1
DA:22,2
DA:23,2
DA:24,1
DA:27,1
DA:31,1
DA:36,2
DA:37,2
DA:38,1
DA:41,1
LF:12
LH:12
end_of_record
SF:lib/src/shared/errors/failures/failure.dart
DA:6,15
DA:10,2
DA:11,4
LF:3
LH:3
end_of_record
SF:lib/src/app/features/videos/datasources/videos_remote_data_impl.dart
DA:9,0
DA:12,0
DA:15,0
DA:17,0
DA:19,0
DA:22,0
DA:26,0
LF:7
LH:0
end_of_record
SF:lib/src/app/features/videos/models/videos_resource_model.dart
DA:7,0
DA:12,0
DA:13,0
DA:14,0
DA:15,0
DA:19,0
DA:20,0
DA:21,0
DA:22,0
DA:23,0
LF:10
LH:0
end_of_record
SF:lib/src/app/features/videos/mappers/video_mapper.dart
DA:5,0
DA:6,0
DA:7,0
DA:8,0
DA:9,0
DA:10,0
DA:16,0
DA:17,0
DA:18,0
DA:23,0
DA:24,0
DA:25,0
DA:26,0
DA:27,0
DA:28,0
DA:34,0
DA:35,0
DA:36,0
LF:18
LH:0
end_of_record
SF:lib/src/app/features/videos/models/video_model.dart
DA:7,0
DA:14,0
DA:15,0
DA:16,0
DA:17,0
DA:18,0
DA:19,0
DA:23,0
DA:24,0
DA:25,0
DA:26,0
DA:27,0
DA:28,0
LF:13
LH:0
end_of_record
SF:lib/src/app/features/videos/pages/video_page.dart
DA:13,0
DA:16,0
DA:18,0
DA:19,0
DA:25,0
DA:26,0
DA:32,0
DA:34,0
DA:35,0
DA:36,0
DA:37,0
DA:38,0
DA:44,0
DA:47,0
DA:49,0
DA:50,0
DA:53,0
DA:55,0
DA:56,0
DA:58,0
DA:59,0
DA:60,0
DA:62,0
DA:63,0
DA:64,0
DA:65,0
DA:66,0
DA:68,0
DA:71,0
DA:76,0
DA:78,0
DA:80,0
DA:82,0
DA:83,0
DA:84,0
DA:85,0
DA:90,0
DA:91,0
DA:92,0
DA:101,0
DA:102,0
DA:104,0
DA:105,0
DA:107,0
DA:108,0
DA:109,0
DA:110,0
DA:113,0
DA:114,0
DA:115,0
DA:118,0
DA:119,0
DA:120,0
DA:124,0
DA:138,0
DA:139,0
DA:142,0
DA:143,0
DA:144,0
DA:145,0
DA:147,0
DA:148,0
DA:149,0
DA:150,0
LF:64
LH:0
end_of_record
SF:lib/src/app/features/videos/pages/video_page_params.dart
DA:9,0
DA:14,0
DA:15,0
LF:3
LH:0
end_of_record
SF:lib/src/app/features/videos/repositories/videos_repository_impl.dart
DA:13,0
DA:16,0
DA:19,0
DA:22,0
DA:23,0
DA:24,0
DA:27,0
LF:7
LH:0
end_of_record
SF:lib/src/app/widgets/failure_widget.dart
DA:9,0
DA:13,0
DA:15,0
DA:17,0
DA:18,0
DA:19,0
LF:6
LH:0
end_of_record
SF:lib/src/app/widgets/icon_circle_button.dart
DA:13,0
DA:23,0
DA:25,0
DA:27,0
DA:28,0
DA:29,0
DA:30,0
DA:31,0
DA:32,0
DA:33,0
DA:34,0
DA:35,0
DA:36,0
DA:37,0
DA:38,0
DA:39,0
LF:16
LH:0
end_of_record
SF:lib/src/app/widgets/image_from_network.dart
DA:10,0
DA:14,0
DA:16,0
DA:18,0
DA:19,0
DA:20,0
DA:22,0
DA:23,0
DA:24,0
DA:26,0
DA:27,0
LF:11
LH:0
end_of_record
SF:lib/src/app/widgets/image_placeholder.dart
DA:7,0
DA:11,0
DA:13,0
DA:15,0
DA:16,0
DA:17,0
DA:18,0
LF:7
LH:0
end_of_record
SF:lib/src/app/widgets/loading_container.dart
DA:4,4
DA:6,0
LF:2
LH:1
end_of_record
SF:lib/src/infra/api/api_error.dart
DA:14,2
DA:22,0
DA:23,0
LF:3
LH:1
end_of_record
SF:lib/src/infra/api/api_response.dart
DA:5,1
DA:10,0
DA:11,0
LF:3
LH:1
end_of_record
SF:lib/src/infra/api/dio/dio_client.dart
DA:11,0
DA:16,0
DA:23,0
DA:28,0
DA:30,0
DA:37,0
DA:41,0
DA:46,0
DA:52,0
DA:58,0
DA:62,0
DA:63,0
DA:64,0
DA:66,0
DA:67,0
LF:15
LH:0
end_of_record
SF:lib/src/infra/api/dio/dio_error_handler.dart
DA:6,0
DA:7,0
DA:9,0
DA:10,0
DA:11,0
DA:12,0
LF:6
LH:0
end_of_record
SF:lib/src/infra/api/dio/interceptors/api_key_intecerptor.dart
DA:6,0
DA:10,0
DA:14,0
DA:16,0
DA:19,0
LF:5
LH:0
end_of_record
SF:lib/src/infra/cache/shared_prefs/shared_prefs_cache.dart
DA:12,0
DA:15,0
DA:18,0
DA:23,0
DA:25,0
DA:28,0
DA:37,0
DA:43,0
DA:44,0
DA:46,0
DA:55,0
DA:60,0
DA:62,0
DA:71,0
DA:73,0
LF:15
LH:0
end_of_record
SF:lib/src/shared/errors/exceptions/cache_exception.dart
DA:7,0
DA:14,0
DA:15,0
LF:3
LH:0
end_of_record
SF:lib/src/shared/errors/failures/app_failure.dart
DA:4,15
DA:6,2
LF:2
LH:2
end_of_record
